[35m[Appium][39m Welcome to Appium v2.5.0
[35m[Appium][39m Non-default server args:
[35m[Appium][39m { basePath: [32m'/wd/hub'[39m, loglevel: [32m'info'[39m, port: [33m61139[39m }
[35m[Appium][39m Attempting to load driver uiautomator2...
[35m[Appium][39m Appium REST http interface listener started on http://0.0.0.0:61139/wd/hub
[35m[Appium][39m You can provide the following URLs in your client code to connect to this server:
[35m[Appium][39m 	http://172.27.16.1:61139/wd/hub
[35m[Appium][39m 	http://172.16.213.211:61139/wd/hub
[35m[Appium][39m 	http://127.0.0.1:61139/wd/hub (only accessible from the same host)
[35m[Appium][39m Available drivers:
[35m[Appium][39m   - uiautomator2@3.0.0 (automationName 'UiAutomator2')
[35m[Appium][39m No plugins have been installed. Use the "appium plugin" command to install the one(s) you want to use.
[38;5;0m[HTTP][0m [37m-->[39m [37mGET[39m [37m/wd/hub/status[39m
[38;5;0m[HTTP][0m [90m{}[39m
[38;5;0m[HTTP][0m [37m<-- GET /wd/hub/status [39m[32m200[39m [90m8 ms - 110[39m
[38;5;0m[HTTP][0m [90m[39m
[38;5;0m[HTTP][0m [37m-->[39m [37mPOST[39m [37m/wd/hub/session[39m
[38;5;0m[HTTP][0m [90m{"desiredCapabilities":{"appium:systemPort":61138,"appium:newCommandTimeout":1800,"appium:automationName":"uiautomator2","appium:fullReset":true,"appium:platformVersion":"14","appium:noReset":false,"appium:udid":"emulator-5554","appium:autoGrantPermissions":true,"appium:platformName":"ANDROID","appium:deviceName":"emulator-5554 (sdk_gphone64_x86_64 - Android 14)","platformName":"Android","appium:app":"C:\\Users\\ASUS\\Downloads\\Android-Solodroid_E-CommerceApp Demo_3.2.0.apk\\Solodroid_E-CommerceApp Demo_3.2.0.apk"},"capabilities":{"firstMatch":[{"appium:app":"C:\\Users\\ASUS\\Downloads\\Android-Solodroid_E-CommerceApp Demo_3.2.0.apk\\Solodroid_E-CommerceApp Demo_3.2.0.apk","appium:autoGrantPermissions":true,"appium:automationName":"uiautomator2","appium:deviceName":"emulator-5554 (sdk_gphone64_x86_64 - Android 14)","appium:fullReset":true,"appium:newCommandTimeout":1800,"appium:noReset":false,"appium:platformName":"ANDROID","appium:platformVersion":"14","appium:systemPort":61138,"appium:udid":"emulator-55...[39m
[38;5;32m[BaseDriver][0m Ignoring capability 'appium:platformName=ANDROID' and using capability 'platformName=android'
[38;5;32m[BaseDriver][0m The capabilities ["platformName"] are standard capabilities and do not require "appium:" prefix
[35m[Appium][39m Attempting to find matching driver for automationName 'uiautomator2' and platformName 'android'
[35m[Appium][39m The 'uiautomator2' driver was installed and matched caps.
[35m[Appium][39m Will require it at C:\Users\ASUS\.appium\node_modules\appium-uiautomator2-driver
[38;5;16m[AppiumDriver@43d6][0m Appium v2.5.0 creating new AndroidUiautomator2Driver (v3.0.0) session
[38;5;16m[AppiumDriver@43d6][0m Checking BaseDriver versions for Appium and AndroidUiautomator2Driver
[38;5;16m[AppiumDriver@43d6][0m Appium's BaseDriver version is 9.5.1
[38;5;16m[AppiumDriver@43d6][0m AndroidUiautomator2Driver's BaseDriver version is 9.5.1
[38;5;48m[AndroidUiautomator2Driver@9192 (5e401671)][0m Session created with session id: 5e401671-6f5a-47cf-91f0-8162bb6058a7
[38;5;64m[ADB][0m Found 1 'build-tools' folders under 'C:\Users\ASUS\.katalon\tools\android_sdk' (newest first):
[38;5;64m[ADB][0m     C:\Users\ASUS\.katalon\tools\android_sdk\build-tools\29.0.3
[38;5;64m[ADB][0m Using 'adb.exe' from 'C:\Users\ASUS\.katalon\tools\android_sdk\platform-tools\adb.exe'
[38;5;48m[AndroidUiautomator2Driver@9192 (5e401671)][0m Retrieving device list
[38;5;48m[AndroidUiautomator2Driver@9192 (5e401671)][0m Using device: emulator-5554
[38;5;64m[ADB][0m Using 'adb.exe' from 'C:\Users\ASUS\.katalon\tools\android_sdk\platform-tools\adb.exe'
[38;5;32m[BaseDriver][0m Using local app 'C:\Users\ASUS\Downloads\Android-Solodroid_E-CommerceApp Demo_3.2.0.apk\Solodroid_E-CommerceApp Demo_3.2.0.apk'
[38;5;64m[ADB][0m Getting device platform version
[38;5;48m[AndroidUiautomator2Driver@9192 (5e401671)][0m Relaxing hidden api policy
[38;5;64m[ADB][0m Package name: 'com.solodroid.solomerce'
[38;5;64m[ADB][0m Main activity name: 'com.solodroid.solomerce.activities.ActivitySplash'
[38;5;64m[ADB][0m Using 'apksigner.jar' from 'C:\Users\ASUS\.katalon\tools\android_sdk\build-tools\29.0.3\lib\apksigner.jar'
[38;5;64m[ADB][0m 'C:\Users\ASUS\.appium\node_modules\appium-uiautomator2-driver\node_modules\appium-uiautomator2-server\apks\appium-uiautomator2-server-debug-androidTest.apk' is signed with the default certificate
[38;5;64m[ADB][0m 'C:\Users\ASUS\Downloads\Android-Solodroid_E-CommerceApp Demo_3.2.0.apk\Solodroid_E-CommerceApp Demo_3.2.0.apk' is signed with a non-default certificate
[38;5;64m[ADB][0m com.solodroid.solomerce was not uninstalled, because it was not present on the device
[38;5;64m[ADB][0m The application at 'C:\Users\ASUS\Downloads\Android-Solodroid_E-CommerceApp Demo_3.2.0.apk\Solodroid_E-CommerceApp Demo_3.2.0.apk' will not be cached, because the device under test has confirmed the support of streamed installs
[38;5;64m[ADB][0m 'C:\Users\ASUS\.appium\node_modules\appium-uiautomator2-driver\node_modules\appium-uiautomator2-server\apks\appium-uiautomator2-server-v7.0.0.apk' is signed with the default certificate
[38;5;48m[AndroidUiautomator2Driver@9192 (5e401671)][0m Server packages are not going to be (re)installed
[38;5;64m[ADB][0m Adding packages ["io.appium.settings","io.appium.uiautomator2.server","io.appium.uiautomator2.server.test"] to Doze whitelist
[38;5;64m[ADB][0m The installation of 'Solodroid_E-CommerceApp Demo_3.2.0.apk' took 3054ms
[38;5;48m[AndroidUiautomator2Driver@9192 (5e401671)][0m Starting UIAutomator2 server 7.0.0
[38;5;48m[AndroidUiautomator2Driver@9192 (5e401671)][0m Using UIAutomator2 server from 'C:\Users\ASUS\.appium\node_modules\appium-uiautomator2-driver\node_modules\appium-uiautomator2-server\apks\appium-uiautomator2-server-v7.0.0.apk' and test from 'C:\Users\ASUS\.appium\node_modules\appium-uiautomator2-driver\node_modules\appium-uiautomator2-server\apks\appium-uiautomator2-server-debug-androidTest.apk'
[38;5;48m[AndroidUiautomator2Driver@9192 (5e401671)][0m Waiting up to 30000ms for UiAutomator2 to be online...
[38;5;48m[AndroidUiautomator2Driver@9192 (5e401671)][0m socket hang up
[38;5;48m[AndroidUiautomator2Driver@9192 (5e401671)][0m socket hang up
[38;5;48m[AndroidUiautomator2Driver@9192 (5e401671)][0m socket hang up
[38;5;48m[AndroidUiautomator2Driver@9192 (5e401671)][0m socket hang up
[38;5;48m[AndroidUiautomator2Driver@9192 (5e401671)][0m Determined the downstream protocol as 'W3C'
[38;5;48m[AndroidUiautomator2Driver@9192 (5e401671)][0m Screen already unlocked, doing nothing
[38;5;48m[AndroidUiautomator2Driver@9192 (5e401671)][0m Starting 'com.solodroid.solomerce/com.solodroid.solomerce.activities.ActivitySplash and waiting for 'com.solodroid.solomerce/com.solodroid.solomerce.activities.ActivitySplash'
[38;5;16m[AppiumDriver@43d6][0m New AndroidUiautomator2Driver session created successfully, session 5e401671-6f5a-47cf-91f0-8162bb6058a7 added to master session list
[38;5;0m[HTTP][0m [37m<-- POST /wd/hub/session [39m[32m200[39m [90m15375 ms - 1352[39m
[38;5;0m[HTTP][0m [90m[39m
[38;5;0m[HTTP][0m [37m-->[39m [37mGET[39m [37m/wd/hub/session/5e401671-6f5a-47cf-91f0-8162bb6058a7[39m
[38;5;0m[HTTP][0m [90m{}[39m
[38;5;0m[HTTP][0m [37m<-- GET /wd/hub/session/5e401671-6f5a-47cf-91f0-8162bb6058a7 [39m[32m200[39m [90m116 ms - 428[39m
[38;5;0m[HTTP][0m [90m[39m
[38;5;0m[HTTP][0m [37m-->[39m [37mGET[39m [37m/wd/hub/session/5e401671-6f5a-47cf-91f0-8162bb6058a7[39m
[38;5;0m[HTTP][0m [90m{}[39m
[38;5;0m[HTTP][0m [37m<-- GET /wd/hub/session/5e401671-6f5a-47cf-91f0-8162bb6058a7 [39m[32m200[39m [90m100 ms - 428[39m
[38;5;0m[HTTP][0m [90m[39m
[38;5;0m[HTTP][0m [37m-->[39m [37mGET[39m [37m/wd/hub/status[39m
[38;5;0m[HTTP][0m [90m{}[39m
[38;5;0m[HTTP][0m [37m<-- GET /wd/hub/status [39m[32m200[39m [90m4 ms - 110[39m
[38;5;0m[HTTP][0m [90m[39m
[38;5;0m[HTTP][0m [37m-->[39m [37mPOST[39m [37m/wd/hub/session/5e401671-6f5a-47cf-91f0-8162bb6058a7/timeouts[39m
[38;5;0m[HTTP][0m [90m{"implicit":30000}[39m
[38;5;0m[HTTP][0m [37m<-- POST /wd/hub/session/5e401671-6f5a-47cf-91f0-8162bb6058a7/timeouts [39m[32m200[39m [90m13 ms - 14[39m
[38;5;0m[HTTP][0m [90m[39m
[38;5;0m[HTTP][0m [37m-->[39m [37mGET[39m [37m/wd/hub/session/5e401671-6f5a-47cf-91f0-8162bb6058a7/appium/device/system_bars[39m
[38;5;0m[HTTP][0m [90m{}[39m
[38;5;0m[HTTP][0m [37m<-- GET /wd/hub/session/5e401671-6f5a-47cf-91f0-8162bb6058a7/appium/device/system_bars [39m[32m200[39m [90m299 ms - 151[39m
[38;5;0m[HTTP][0m [90m[39m
[38;5;0m[HTTP][0m [37m-->[39m [37mPOST[39m [37m/wd/hub/session/5e401671-6f5a-47cf-91f0-8162bb6058a7/timeouts[39m
[38;5;0m[HTTP][0m [90m{"implicit":50}[39m
[38;5;0m[HTTP][0m [37m<-- POST /wd/hub/session/5e401671-6f5a-47cf-91f0-8162bb6058a7/timeouts [39m[32m200[39m [90m8 ms - 14[39m
[38;5;0m[HTTP][0m [90m[39m
[38;5;0m[HTTP][0m [37m-->[39m [37mGET[39m [37m/wd/hub/session/5e401671-6f5a-47cf-91f0-8162bb6058a7/window/rect[39m
[38;5;0m[HTTP][0m [90m{}[39m
[38;5;0m[HTTP][0m [37m<-- GET /wd/hub/session/5e401671-6f5a-47cf-91f0-8162bb6058a7/window/rect [39m[32m200[39m [90m149 ms - 50[39m
[38;5;0m[HTTP][0m [90m[39m
[38;5;0m[HTTP][0m [37m-->[39m [37mPOST[39m [37m/wd/hub/session/5e401671-6f5a-47cf-91f0-8162bb6058a7/elements[39m
[38;5;0m[HTTP][0m [90m{"using":"xpath","value":"//hierarchy/android.widget.FrameLayout[1]/android.widget.LinearLayout[1]/android.widget.FrameLayout[1]/android.widget.LinearLayout[1]/android.widget.FrameLayout[1]/android.widget.RelativeLayout[1]/android.view.ViewGroup[1]/androidx.viewpager.widget.ViewPager[1]/android.widget.LinearLayout[1]/android.view.ViewGroup[1]/androidx.recyclerview.widget.RecyclerView[1]/android.widget.FrameLayout[1]/android.widget.RelativeLayout[1]/android.view.ViewGroup[1]/android.widget.ImageView[1]"}[39m
[38;5;0m[HTTP][0m [37m<-- POST /wd/hub/session/5e401671-6f5a-47cf-91f0-8162bb6058a7/elements [39m[32m200[39m [90m4445 ms - 139[39m
[38;5;0m[HTTP][0m [90m[39m
[38;5;0m[HTTP][0m [37m-->[39m [37mGET[39m [37m/wd/hub/session/5e401671-6f5a-47cf-91f0-8162bb6058a7/element/00000000-0000-0400-ffff-ffff00000084/location[39m
[38;5;0m[HTTP][0m [90m{}[39m
[38;5;48m[AndroidUiautomator2Driver@9192 (5e401671)][0m Driver proxy active, passing request on via HTTP proxy
[38;5;48m[AndroidUiautomator2Driver@9192 (5e401671)][0m Replacing sessionId 39f97e43-dc66-4f10-af2d-c1cc5e12e878 with 5e401671-6f5a-47cf-91f0-8162bb6058a7
[38;5;0m[HTTP][0m [37m<-- GET /wd/hub/session/5e401671-6f5a-47cf-91f0-8162bb6058a7/element/00000000-0000-0400-ffff-ffff00000084/location [39m[32m200[39m [90m50 ms - 77[39m
[38;5;0m[HTTP][0m [90m[39m
[38;5;0m[HTTP][0m [37m-->[39m [37mPOST[39m [37m/wd/hub/session/5e401671-6f5a-47cf-91f0-8162bb6058a7/timeouts[39m
[38;5;0m[HTTP][0m [90m{"implicit":30000}[39m
[38;5;0m[HTTP][0m [37m<-- POST /wd/hub/session/5e401671-6f5a-47cf-91f0-8162bb6058a7/timeouts [39m[32m200[39m [90m2 ms - 14[39m
[38;5;0m[HTTP][0m [90m[39m
[38;5;0m[HTTP][0m [37m-->[39m [37mPOST[39m [37m/wd/hub/session/5e401671-6f5a-47cf-91f0-8162bb6058a7/element/00000000-0000-0400-ffff-ffff00000084/click[39m
[38;5;0m[HTTP][0m [90m{"id":"00000000-0000-0400-ffff-ffff00000084"}[39m
[38;5;0m[HTTP][0m [37m<-- POST /wd/hub/session/5e401671-6f5a-47cf-91f0-8162bb6058a7/element/00000000-0000-0400-ffff-ffff00000084/click [39m[32m200[39m [90m1597 ms - 14[39m
[38;5;0m[HTTP][0m [90m[39m
[38;5;0m[HTTP][0m [37m-->[39m [37mPOST[39m [37m/wd/hub/session/5e401671-6f5a-47cf-91f0-8162bb6058a7/timeouts[39m
[38;5;0m[HTTP][0m [90m{"implicit":50}[39m
[38;5;0m[HTTP][0m [37m<-- POST /wd/hub/session/5e401671-6f5a-47cf-91f0-8162bb6058a7/timeouts [39m[32m200[39m [90m3 ms - 14[39m
[38;5;0m[HTTP][0m [90m[39m
[38;5;0m[HTTP][0m [37m-->[39m [37mGET[39m [37m/wd/hub/session/5e401671-6f5a-47cf-91f0-8162bb6058a7/window/rect[39m
[38;5;0m[HTTP][0m [90m{}[39m
[38;5;0m[HTTP][0m [37m<-- GET /wd/hub/session/5e401671-6f5a-47cf-91f0-8162bb6058a7/window/rect [39m[32m200[39m [90m36 ms - 50[39m
[38;5;0m[HTTP][0m [90m[39m
[38;5;0m[HTTP][0m [37m-->[39m [37mPOST[39m [37m/wd/hub/session/5e401671-6f5a-47cf-91f0-8162bb6058a7/elements[39m
[38;5;0m[HTTP][0m [90m{"using":"xpath","value":"//*[@class = 'android.widget.Button' and (@text = 'ADD TO CART' or . = 'ADD TO CART') and @resource-id = 'com.solodroid.solomerce:id/btn_add_cart']"}[39m
[38;5;0m[HTTP][0m [37m<-- POST /wd/hub/session/5e401671-6f5a-47cf-91f0-8162bb6058a7/elements [39m[32m200[39m [90m923 ms - 12[39m
[38;5;0m[HTTP][0m [90m[39m
[38;5;0m[HTTP][0m [37m-->[39m [37mPOST[39m [37m/wd/hub/session/5e401671-6f5a-47cf-91f0-8162bb6058a7/elements[39m
[38;5;0m[HTTP][0m [90m{"using":"xpath","value":"//*[@class = 'android.widget.Button' and (@text = 'ADD TO CART' or . = 'ADD TO CART') and @resource-id = 'com.solodroid.solomerce:id/btn_add_cart']"}[39m
[38;5;0m[HTTP][0m [37m<-- POST /wd/hub/session/5e401671-6f5a-47cf-91f0-8162bb6058a7/elements [39m[32m200[39m [90m1358 ms - 139[39m
[38;5;0m[HTTP][0m [90m[39m
[38;5;0m[HTTP][0m [37m-->[39m [37mGET[39m [37m/wd/hub/session/5e401671-6f5a-47cf-91f0-8162bb6058a7/element/00000000-0000-0401-ffff-ffff000000dc/location[39m
[38;5;0m[HTTP][0m [90m{}[39m
[38;5;48m[AndroidUiautomator2Driver@9192 (5e401671)][0m Driver proxy active, passing request on via HTTP proxy
[38;5;48m[AndroidUiautomator2Driver@9192 (5e401671)][0m Replacing sessionId 39f97e43-dc66-4f10-af2d-c1cc5e12e878 with 5e401671-6f5a-47cf-91f0-8162bb6058a7
[38;5;0m[HTTP][0m [37m<-- GET /wd/hub/session/5e401671-6f5a-47cf-91f0-8162bb6058a7/element/00000000-0000-0401-ffff-ffff000000dc/location [39m[32m200[39m [90m341 ms - 77[39m
[38;5;0m[HTTP][0m [90m[39m
[38;5;0m[HTTP][0m [37m-->[39m [37mPOST[39m [37m/wd/hub/session/5e401671-6f5a-47cf-91f0-8162bb6058a7/timeouts[39m
[38;5;0m[HTTP][0m [90m{"implicit":30000}[39m
[38;5;0m[HTTP][0m [37m<-- POST /wd/hub/session/5e401671-6f5a-47cf-91f0-8162bb6058a7/timeouts [39m[32m200[39m [90m2 ms - 14[39m
[38;5;0m[HTTP][0m [90m[39m
[38;5;0m[HTTP][0m [37m-->[39m [37mPOST[39m [37m/wd/hub/session/5e401671-6f5a-47cf-91f0-8162bb6058a7/element/00000000-0000-0401-ffff-ffff000000dc/click[39m
[38;5;0m[HTTP][0m [90m{"id":"00000000-0000-0401-ffff-ffff000000dc"}[39m
[38;5;0m[HTTP][0m [37m<-- POST /wd/hub/session/5e401671-6f5a-47cf-91f0-8162bb6058a7/element/00000000-0000-0401-ffff-ffff000000dc/click [39m[32m200[39m [90m97 ms - 14[39m
[38;5;0m[HTTP][0m [90m[39m
[38;5;0m[HTTP][0m [37m-->[39m [37mPOST[39m [37m/wd/hub/session/5e401671-6f5a-47cf-91f0-8162bb6058a7/timeouts[39m
[38;5;0m[HTTP][0m [90m{"implicit":50}[39m
[38;5;0m[HTTP][0m [37m<-- POST /wd/hub/session/5e401671-6f5a-47cf-91f0-8162bb6058a7/timeouts [39m[32m200[39m [90m4 ms - 14[39m
[38;5;0m[HTTP][0m [90m[39m
[38;5;0m[HTTP][0m [37m-->[39m [37mGET[39m [37m/wd/hub/session/5e401671-6f5a-47cf-91f0-8162bb6058a7/window/rect[39m
[38;5;0m[HTTP][0m [90m{}[39m
[38;5;0m[HTTP][0m [37m<-- GET /wd/hub/session/5e401671-6f5a-47cf-91f0-8162bb6058a7/window/rect [39m[32m200[39m [90m38 ms - 50[39m
[38;5;0m[HTTP][0m [90m[39m
[38;5;0m[HTTP][0m [37m-->[39m [37mPOST[39m [37m/wd/hub/session/5e401671-6f5a-47cf-91f0-8162bb6058a7/elements[39m
[38;5;0m[HTTP][0m [90m{"using":"xpath","value":"//*[@class = 'android.widget.EditText' and @resource-id = 'com.solodroid.solomerce:id/userInputDialog' and (@text = '' or . = '')]"}[39m
[38;5;0m[HTTP][0m [37m<-- POST /wd/hub/session/5e401671-6f5a-47cf-91f0-8162bb6058a7/elements [39m[32m200[39m [90m720 ms - 12[39m
[38;5;0m[HTTP][0m [90m[39m
[38;5;0m[HTTP][0m [37m-->[39m [37mPOST[39m [37m/wd/hub/session/5e401671-6f5a-47cf-91f0-8162bb6058a7/elements[39m
[38;5;0m[HTTP][0m [90m{"using":"xpath","value":"//*[@class = 'android.widget.EditText' and @resource-id = 'com.solodroid.solomerce:id/userInputDialog' and (@text = '' or . = '')]"}[39m
[38;5;0m[HTTP][0m [37m<-- POST /wd/hub/session/5e401671-6f5a-47cf-91f0-8162bb6058a7/elements [39m[32m200[39m [90m816 ms - 139[39m
[38;5;0m[HTTP][0m [90m[39m
[38;5;0m[HTTP][0m [37m-->[39m [37mGET[39m [37m/wd/hub/session/5e401671-6f5a-47cf-91f0-8162bb6058a7/element/00000000-0000-0402-ffff-ffff000000f5/location[39m
[38;5;0m[HTTP][0m [90m{}[39m
[38;5;48m[AndroidUiautomator2Driver@9192 (5e401671)][0m Driver proxy active, passing request on via HTTP proxy
[38;5;48m[AndroidUiautomator2Driver@9192 (5e401671)][0m Replacing sessionId 39f97e43-dc66-4f10-af2d-c1cc5e12e878 with 5e401671-6f5a-47cf-91f0-8162bb6058a7
[38;5;0m[HTTP][0m [37m<-- GET /wd/hub/session/5e401671-6f5a-47cf-91f0-8162bb6058a7/element/00000000-0000-0402-ffff-ffff000000f5/location [39m[32m200[39m [90m52 ms - 79[39m
[38;5;0m[HTTP][0m [90m[39m
[38;5;0m[HTTP][0m [37m-->[39m [37mPOST[39m [37m/wd/hub/session/5e401671-6f5a-47cf-91f0-8162bb6058a7/timeouts[39m
[38;5;0m[HTTP][0m [90m{"implicit":30000}[39m
[38;5;0m[HTTP][0m [37m<-- POST /wd/hub/session/5e401671-6f5a-47cf-91f0-8162bb6058a7/timeouts [39m[32m200[39m [90m2 ms - 14[39m
[38;5;0m[HTTP][0m [90m[39m
[38;5;0m[HTTP][0m [37m-->[39m [37mPOST[39m [37m/wd/hub/session/5e401671-6f5a-47cf-91f0-8162bb6058a7/element/00000000-0000-0402-ffff-ffff000000f5/clear[39m
[38;5;0m[HTTP][0m [90m{"id":"00000000-0000-0402-ffff-ffff000000f5"}[39m
[38;5;0m[HTTP][0m [37m<-- POST /wd/hub/session/5e401671-6f5a-47cf-91f0-8162bb6058a7/element/00000000-0000-0402-ffff-ffff000000f5/clear [39m[32m200[39m [90m61 ms - 14[39m
[38;5;0m[HTTP][0m [90m[39m
[38;5;0m[HTTP][0m [37m-->[39m [37mPOST[39m [37m/wd/hub/session/5e401671-6f5a-47cf-91f0-8162bb6058a7/element/00000000-0000-0402-ffff-ffff000000f5/click[39m
[38;5;0m[HTTP][0m [90m{"id":"00000000-0000-0402-ffff-ffff000000f5"}[39m
[38;5;0m[HTTP][0m [37m<-- POST /wd/hub/session/5e401671-6f5a-47cf-91f0-8162bb6058a7/element/00000000-0000-0402-ffff-ffff000000f5/click [39m[32m200[39m [90m591 ms - 14[39m
[38;5;0m[HTTP][0m [90m[39m
[38;5;0m[HTTP][0m [37m-->[39m [37mPOST[39m [37m/wd/hub/session/5e401671-6f5a-47cf-91f0-8162bb6058a7/element/00000000-0000-0402-ffff-ffff000000f5/value[39m
[38;5;0m[HTTP][0m [90m{"id":"00000000-0000-0402-ffff-ffff000000f5","text":"1","value":["1"]}[39m
[38;5;0m[HTTP][0m [37m<-- POST /wd/hub/session/5e401671-6f5a-47cf-91f0-8162bb6058a7/element/00000000-0000-0402-ffff-ffff000000f5/value [39m[32m200[39m [90m1344 ms - 14[39m
[38;5;0m[HTTP][0m [90m[39m
[38;5;0m[HTTP][0m [37m-->[39m [37mPOST[39m [37m/wd/hub/session/5e401671-6f5a-47cf-91f0-8162bb6058a7/timeouts[39m
[38;5;0m[HTTP][0m [90m{"implicit":50}[39m
[38;5;0m[HTTP][0m [37m<-- POST /wd/hub/session/5e401671-6f5a-47cf-91f0-8162bb6058a7/timeouts [39m[32m200[39m [90m4 ms - 14[39m
[38;5;0m[HTTP][0m [90m[39m
[38;5;0m[HTTP][0m [37m-->[39m [37mGET[39m [37m/wd/hub/session/5e401671-6f5a-47cf-91f0-8162bb6058a7/window/rect[39m
[38;5;0m[HTTP][0m [90m{}[39m
[38;5;0m[HTTP][0m [37m<-- GET /wd/hub/session/5e401671-6f5a-47cf-91f0-8162bb6058a7/window/rect [39m[32m200[39m [90m41 ms - 50[39m
[38;5;0m[HTTP][0m [90m[39m
[38;5;0m[HTTP][0m [37m-->[39m [37mPOST[39m [37m/wd/hub/session/5e401671-6f5a-47cf-91f0-8162bb6058a7/elements[39m
[38;5;0m[HTTP][0m [90m{"using":"xpath","value":"//*[@class = 'android.widget.Button' and (@text = 'ADD' or . = 'ADD') and @resource-id = 'android:id/button1']"}[39m
[38;5;0m[HTTP][0m [37m<-- POST /wd/hub/session/5e401671-6f5a-47cf-91f0-8162bb6058a7/elements [39m[32m200[39m [90m600 ms - 139[39m
[38;5;0m[HTTP][0m [90m[39m
[38;5;0m[HTTP][0m [37m-->[39m [37mGET[39m [37m/wd/hub/session/5e401671-6f5a-47cf-91f0-8162bb6058a7/element/00000000-0000-0402-ffff-ffff000000fb/location[39m
[38;5;0m[HTTP][0m [90m{}[39m
[38;5;48m[AndroidUiautomator2Driver@9192 (5e401671)][0m Driver proxy active, passing request on via HTTP proxy
[38;5;48m[AndroidUiautomator2Driver@9192 (5e401671)][0m Replacing sessionId 39f97e43-dc66-4f10-af2d-c1cc5e12e878 with 5e401671-6f5a-47cf-91f0-8162bb6058a7
[38;5;0m[HTTP][0m [37m<-- GET /wd/hub/session/5e401671-6f5a-47cf-91f0-8162bb6058a7/element/00000000-0000-0402-ffff-ffff000000fb/location [39m[32m200[39m [90m38 ms - 78[39m
[38;5;0m[HTTP][0m [90m[39m
[38;5;0m[HTTP][0m [37m-->[39m [37mPOST[39m [37m/wd/hub/session/5e401671-6f5a-47cf-91f0-8162bb6058a7/timeouts[39m
[38;5;0m[HTTP][0m [90m{"implicit":30000}[39m
[38;5;0m[HTTP][0m [37m<-- POST /wd/hub/session/5e401671-6f5a-47cf-91f0-8162bb6058a7/timeouts [39m[32m200[39m [90m2 ms - 14[39m
[38;5;0m[HTTP][0m [90m[39m
[38;5;0m[HTTP][0m [37m-->[39m [37mPOST[39m [37m/wd/hub/session/5e401671-6f5a-47cf-91f0-8162bb6058a7/element/00000000-0000-0402-ffff-ffff000000fb/click[39m
[38;5;0m[HTTP][0m [90m{"id":"00000000-0000-0402-ffff-ffff000000fb"}[39m
[38;5;0m[HTTP][0m [37m<-- POST /wd/hub/session/5e401671-6f5a-47cf-91f0-8162bb6058a7/element/00000000-0000-0402-ffff-ffff000000fb/click [39m[32m200[39m [90m105 ms - 14[39m
[38;5;0m[HTTP][0m [90m[39m
[38;5;0m[HTTP][0m [37m-->[39m [37mPOST[39m [37m/wd/hub/session/5e401671-6f5a-47cf-91f0-8162bb6058a7/timeouts[39m
[38;5;0m[HTTP][0m [90m{"implicit":50}[39m
[38;5;0m[HTTP][0m [37m<-- POST /wd/hub/session/5e401671-6f5a-47cf-91f0-8162bb6058a7/timeouts [39m[32m200[39m [90m3 ms - 14[39m
[38;5;0m[HTTP][0m [90m[39m
[38;5;0m[HTTP][0m [37m-->[39m [37mGET[39m [37m/wd/hub/session/5e401671-6f5a-47cf-91f0-8162bb6058a7/window/rect[39m
[38;5;0m[HTTP][0m [90m{}[39m
[38;5;0m[HTTP][0m [37m<-- GET /wd/hub/session/5e401671-6f5a-47cf-91f0-8162bb6058a7/window/rect [39m[32m200[39m [90m70 ms - 50[39m
[38;5;0m[HTTP][0m [90m[39m
[38;5;0m[HTTP][0m [37m-->[39m [37mPOST[39m [37m/wd/hub/session/5e401671-6f5a-47cf-91f0-8162bb6058a7/elements[39m
[38;5;0m[HTTP][0m [90m{"using":"xpath","value":"//*[@class = 'android.widget.TextView' and @resource-id = 'com.solodroid.solomerce:id/cart' and (@text = '' or . = '')]"}[39m
[38;5;0m[HTTP][0m [37m<-- POST /wd/hub/session/5e401671-6f5a-47cf-91f0-8162bb6058a7/elements [39m[32m200[39m [90m653 ms - 139[39m
[38;5;0m[HTTP][0m [90m[39m
[38;5;0m[HTTP][0m [37m-->[39m [37mGET[39m [37m/wd/hub/session/5e401671-6f5a-47cf-91f0-8162bb6058a7/element/00000000-0000-0401-ffff-ffff000000e2/location[39m
[38;5;0m[HTTP][0m [90m{}[39m
[38;5;48m[AndroidUiautomator2Driver@9192 (5e401671)][0m Driver proxy active, passing request on via HTTP proxy
[38;5;48m[AndroidUiautomator2Driver@9192 (5e401671)][0m Replacing sessionId 39f97e43-dc66-4f10-af2d-c1cc5e12e878 with 5e401671-6f5a-47cf-91f0-8162bb6058a7
[38;5;0m[HTTP][0m [37m<-- GET /wd/hub/session/5e401671-6f5a-47cf-91f0-8162bb6058a7/element/00000000-0000-0401-ffff-ffff000000e2/location [39m[32m200[39m [90m74 ms - 77[39m
[38;5;0m[HTTP][0m [90m[39m
[38;5;0m[HTTP][0m [37m-->[39m [37mPOST[39m [37m/wd/hub/session/5e401671-6f5a-47cf-91f0-8162bb6058a7/timeouts[39m
[38;5;0m[HTTP][0m [90m{"implicit":30000}[39m
[38;5;0m[HTTP][0m [37m<-- POST /wd/hub/session/5e401671-6f5a-47cf-91f0-8162bb6058a7/timeouts [39m[32m200[39m [90m2 ms - 14[39m
[38;5;0m[HTTP][0m [90m[39m
[38;5;0m[HTTP][0m [37m-->[39m [37mPOST[39m [37m/wd/hub/session/5e401671-6f5a-47cf-91f0-8162bb6058a7/element/00000000-0000-0401-ffff-ffff000000e2/click[39m
[38;5;0m[HTTP][0m [90m{"id":"00000000-0000-0401-ffff-ffff000000e2"}[39m
[38;5;0m[HTTP][0m [37m<-- POST /wd/hub/session/5e401671-6f5a-47cf-91f0-8162bb6058a7/element/00000000-0000-0401-ffff-ffff000000e2/click [39m[32m200[39m [90m138 ms - 14[39m
[38;5;0m[HTTP][0m [90m[39m
[38;5;0m[HTTP][0m [37m-->[39m [37mPOST[39m [37m/wd/hub/session/5e401671-6f5a-47cf-91f0-8162bb6058a7/timeouts[39m
[38;5;0m[HTTP][0m [90m{"implicit":50}[39m
[38;5;0m[HTTP][0m [37m<-- POST /wd/hub/session/5e401671-6f5a-47cf-91f0-8162bb6058a7/timeouts [39m[32m200[39m [90m5 ms - 14[39m
[38;5;0m[HTTP][0m [90m[39m
[38;5;0m[HTTP][0m [37m-->[39m [37mGET[39m [37m/wd/hub/session/5e401671-6f5a-47cf-91f0-8162bb6058a7/window/rect[39m
[38;5;0m[HTTP][0m [90m{}[39m
[38;5;0m[HTTP][0m [37m<-- GET /wd/hub/session/5e401671-6f5a-47cf-91f0-8162bb6058a7/window/rect [39m[32m200[39m [90m118 ms - 50[39m
[38;5;0m[HTTP][0m [90m[39m
[38;5;0m[HTTP][0m [37m-->[39m [37mPOST[39m [37m/wd/hub/session/5e401671-6f5a-47cf-91f0-8162bb6058a7/elements[39m
[38;5;0m[HTTP][0m [90m{"using":"xpath","value":"//*[@class = 'android.widget.Button' and (@text = 'CHECKOUT' or . = 'CHECKOUT') and @resource-id = 'com.solodroid.solomerce:id/btn_checkout']"}[39m
[38;5;0m[HTTP][0m [37m<-- POST /wd/hub/session/5e401671-6f5a-47cf-91f0-8162bb6058a7/elements [39m[32m200[39m [90m1917 ms - 139[39m
[38;5;0m[HTTP][0m [90m[39m
[38;5;0m[HTTP][0m [37m-->[39m [37mGET[39m [37m/wd/hub/session/5e401671-6f5a-47cf-91f0-8162bb6058a7/element/00000000-0000-0404-ffff-ffff00000110/location[39m
[38;5;0m[HTTP][0m [90m{}[39m
[38;5;48m[AndroidUiautomator2Driver@9192 (5e401671)][0m Driver proxy active, passing request on via HTTP proxy
[38;5;48m[AndroidUiautomator2Driver@9192 (5e401671)][0m Replacing sessionId 39f97e43-dc66-4f10-af2d-c1cc5e12e878 with 5e401671-6f5a-47cf-91f0-8162bb6058a7
[38;5;0m[HTTP][0m [37m<-- GET /wd/hub/session/5e401671-6f5a-47cf-91f0-8162bb6058a7/element/00000000-0000-0404-ffff-ffff00000110/location [39m[32m200[39m [90m59 ms - 79[39m
[38;5;0m[HTTP][0m [90m[39m
[38;5;0m[HTTP][0m [37m-->[39m [37mPOST[39m [37m/wd/hub/session/5e401671-6f5a-47cf-91f0-8162bb6058a7/timeouts[39m
[38;5;0m[HTTP][0m [90m{"implicit":30000}[39m
[38;5;0m[HTTP][0m [37m<-- POST /wd/hub/session/5e401671-6f5a-47cf-91f0-8162bb6058a7/timeouts [39m[32m200[39m [90m2 ms - 14[39m
[38;5;0m[HTTP][0m [90m[39m
[38;5;0m[HTTP][0m [37m-->[39m [37mPOST[39m [37m/wd/hub/session/5e401671-6f5a-47cf-91f0-8162bb6058a7/element/00000000-0000-0404-ffff-ffff00000110/click[39m
[38;5;0m[HTTP][0m [90m{"id":"00000000-0000-0404-ffff-ffff00000110"}[39m
[38;5;0m[HTTP][0m [37m<-- POST /wd/hub/session/5e401671-6f5a-47cf-91f0-8162bb6058a7/element/00000000-0000-0404-ffff-ffff00000110/click [39m[32m200[39m [90m98 ms - 14[39m
[38;5;0m[HTTP][0m [90m[39m
[38;5;0m[HTTP][0m [37m-->[39m [37mPOST[39m [37m/wd/hub/session/5e401671-6f5a-47cf-91f0-8162bb6058a7/timeouts[39m
[38;5;0m[HTTP][0m [90m{"implicit":50}[39m
[38;5;0m[HTTP][0m [37m<-- POST /wd/hub/session/5e401671-6f5a-47cf-91f0-8162bb6058a7/timeouts [39m[32m200[39m [90m3 ms - 14[39m
[38;5;0m[HTTP][0m [90m[39m
[38;5;0m[HTTP][0m [37m-->[39m [37mGET[39m [37m/wd/hub/session/5e401671-6f5a-47cf-91f0-8162bb6058a7/window/rect[39m
[38;5;0m[HTTP][0m [90m{}[39m
[38;5;0m[HTTP][0m [37m<-- GET /wd/hub/session/5e401671-6f5a-47cf-91f0-8162bb6058a7/window/rect [39m[32m200[39m [90m38 ms - 50[39m
[38;5;0m[HTTP][0m [90m[39m
[38;5;0m[HTTP][0m [37m-->[39m [37mPOST[39m [37m/wd/hub/session/5e401671-6f5a-47cf-91f0-8162bb6058a7/elements[39m
[38;5;0m[HTTP][0m [90m{"using":"xpath","value":"//*[@class = 'android.widget.EditText' and (@text = 'Your Name' or . = 'Your Name') and @resource-id = 'com.solodroid.solomerce:id/edt_name']"}[39m
[38;5;0m[HTTP][0m [37m<-- POST /wd/hub/session/5e401671-6f5a-47cf-91f0-8162bb6058a7/elements [39m[32m200[39m [90m577 ms - 12[39m
[38;5;0m[HTTP][0m [90m[39m
[38;5;0m[HTTP][0m [37m-->[39m [37mPOST[39m [37m/wd/hub/session/5e401671-6f5a-47cf-91f0-8162bb6058a7/elements[39m
[38;5;0m[HTTP][0m [90m{"using":"xpath","value":"//*[@class = 'android.widget.EditText' and (@text = 'Your Name' or . = 'Your Name') and @resource-id = 'com.solodroid.solomerce:id/edt_name']"}[39m
[38;5;0m[HTTP][0m [37m<-- POST /wd/hub/session/5e401671-6f5a-47cf-91f0-8162bb6058a7/elements [39m[32m200[39m [90m1874 ms - 139[39m
[38;5;0m[HTTP][0m [90m[39m
[38;5;0m[HTTP][0m [37m-->[39m [37mGET[39m [37m/wd/hub/session/5e401671-6f5a-47cf-91f0-8162bb6058a7/element/00000000-0000-0405-ffff-ffff00000136/location[39m
[38;5;0m[HTTP][0m [90m{}[39m
[38;5;48m[AndroidUiautomator2Driver@9192 (5e401671)][0m Driver proxy active, passing request on via HTTP proxy
[38;5;48m[AndroidUiautomator2Driver@9192 (5e401671)][0m Replacing sessionId 39f97e43-dc66-4f10-af2d-c1cc5e12e878 with 5e401671-6f5a-47cf-91f0-8162bb6058a7
[38;5;0m[HTTP][0m [37m<-- GET /wd/hub/session/5e401671-6f5a-47cf-91f0-8162bb6058a7/element/00000000-0000-0405-ffff-ffff00000136/location [39m[32m200[39m [90m41 ms - 77[39m
[38;5;0m[HTTP][0m [90m[39m
[38;5;0m[HTTP][0m [37m-->[39m [37mPOST[39m [37m/wd/hub/session/5e401671-6f5a-47cf-91f0-8162bb6058a7/timeouts[39m
[38;5;0m[HTTP][0m [90m{"implicit":30000}[39m
[38;5;0m[HTTP][0m [37m<-- POST /wd/hub/session/5e401671-6f5a-47cf-91f0-8162bb6058a7/timeouts [39m[32m200[39m [90m2 ms - 14[39m
[38;5;0m[HTTP][0m [90m[39m
[38;5;0m[HTTP][0m [37m-->[39m [37mPOST[39m [37m/wd/hub/session/5e401671-6f5a-47cf-91f0-8162bb6058a7/element/00000000-0000-0405-ffff-ffff00000136/clear[39m
[38;5;0m[HTTP][0m [90m{"id":"00000000-0000-0405-ffff-ffff00000136"}[39m
[38;5;0m[HTTP][0m [37m<-- POST /wd/hub/session/5e401671-6f5a-47cf-91f0-8162bb6058a7/element/00000000-0000-0405-ffff-ffff00000136/clear [39m[32m200[39m [90m54 ms - 14[39m
[38;5;0m[HTTP][0m [90m[39m
[38;5;0m[HTTP][0m [37m-->[39m [37mPOST[39m [37m/wd/hub/session/5e401671-6f5a-47cf-91f0-8162bb6058a7/element/00000000-0000-0405-ffff-ffff00000136/click[39m
[38;5;0m[HTTP][0m [90m{"id":"00000000-0000-0405-ffff-ffff00000136"}[39m
[38;5;0m[HTTP][0m [37m<-- POST /wd/hub/session/5e401671-6f5a-47cf-91f0-8162bb6058a7/element/00000000-0000-0405-ffff-ffff00000136/click [39m[32m200[39m [90m581 ms - 14[39m
[38;5;0m[HTTP][0m [90m[39m
[38;5;0m[HTTP][0m [37m-->[39m [37mPOST[39m [37m/wd/hub/session/5e401671-6f5a-47cf-91f0-8162bb6058a7/element/00000000-0000-0405-ffff-ffff00000136/value[39m
[38;5;0m[HTTP][0m [90m{"id":"00000000-0000-0405-ffff-ffff00000136","text":"clae","value":["c","l","a","e"]}[39m
[38;5;0m[HTTP][0m [37m<-- POST /wd/hub/session/5e401671-6f5a-47cf-91f0-8162bb6058a7/element/00000000-0000-0405-ffff-ffff00000136/value [39m[32m200[39m [90m2332 ms - 14[39m
[38;5;0m[HTTP][0m [90m[39m
[38;5;0m[HTTP][0m [37m-->[39m [37mPOST[39m [37m/wd/hub/session/5e401671-6f5a-47cf-91f0-8162bb6058a7/timeouts[39m
[38;5;0m[HTTP][0m [90m{"implicit":50}[39m
[38;5;0m[HTTP][0m [37m<-- POST /wd/hub/session/5e401671-6f5a-47cf-91f0-8162bb6058a7/timeouts [39m[32m200[39m [90m3 ms - 14[39m
[38;5;0m[HTTP][0m [90m[39m
[38;5;0m[HTTP][0m [37m-->[39m [37mGET[39m [37m/wd/hub/session/5e401671-6f5a-47cf-91f0-8162bb6058a7/window/rect[39m
[38;5;0m[HTTP][0m [90m{}[39m
[38;5;0m[HTTP][0m [37m<-- GET /wd/hub/session/5e401671-6f5a-47cf-91f0-8162bb6058a7/window/rect [39m[32m200[39m [90m30 ms - 50[39m
[38;5;0m[HTTP][0m [90m[39m
[38;5;0m[HTTP][0m [37m-->[39m [37mPOST[39m [37m/wd/hub/session/5e401671-6f5a-47cf-91f0-8162bb6058a7/elements[39m
[38;5;0m[HTTP][0m [90m{"using":"xpath","value":"//*[@class = 'android.widget.EditText' and (@text = 'your.email@gmail.com' or . = 'your.email@gmail.com') and @resource-id = 'com.solodroid.solomerce:id/edt_email']"}[39m
[38;5;0m[HTTP][0m [37m<-- POST /wd/hub/session/5e401671-6f5a-47cf-91f0-8162bb6058a7/elements [39m[32m200[39m [90m684 ms - 139[39m
[38;5;0m[HTTP][0m [90m[39m
[38;5;0m[HTTP][0m [37m-->[39m [37mGET[39m [37m/wd/hub/session/5e401671-6f5a-47cf-91f0-8162bb6058a7/element/00000000-0000-0405-ffff-ffff00000142/location[39m
[38;5;0m[HTTP][0m [90m{}[39m
[38;5;48m[AndroidUiautomator2Driver@9192 (5e401671)][0m Driver proxy active, passing request on via HTTP proxy
[38;5;48m[AndroidUiautomator2Driver@9192 (5e401671)][0m Replacing sessionId 39f97e43-dc66-4f10-af2d-c1cc5e12e878 with 5e401671-6f5a-47cf-91f0-8162bb6058a7
[38;5;0m[HTTP][0m [37m<-- GET /wd/hub/session/5e401671-6f5a-47cf-91f0-8162bb6058a7/element/00000000-0000-0405-ffff-ffff00000142/location [39m[32m200[39m [90m35 ms - 77[39m
[38;5;0m[HTTP][0m [90m[39m
[38;5;0m[HTTP][0m [37m-->[39m [37mPOST[39m [37m/wd/hub/session/5e401671-6f5a-47cf-91f0-8162bb6058a7/timeouts[39m
[38;5;0m[HTTP][0m [90m{"implicit":30000}[39m
[38;5;0m[HTTP][0m [37m<-- POST /wd/hub/session/5e401671-6f5a-47cf-91f0-8162bb6058a7/timeouts [39m[32m200[39m [90m1 ms - 14[39m
[38;5;0m[HTTP][0m [90m[39m
[38;5;0m[HTTP][0m [37m-->[39m [37mPOST[39m [37m/wd/hub/session/5e401671-6f5a-47cf-91f0-8162bb6058a7/element/00000000-0000-0405-ffff-ffff00000142/clear[39m
[38;5;0m[HTTP][0m [90m{"id":"00000000-0000-0405-ffff-ffff00000142"}[39m
[38;5;0m[HTTP][0m [37m<-- POST /wd/hub/session/5e401671-6f5a-47cf-91f0-8162bb6058a7/element/00000000-0000-0405-ffff-ffff00000142/clear [39m[32m200[39m [90m39 ms - 14[39m
[38;5;0m[HTTP][0m [90m[39m
[38;5;0m[HTTP][0m [37m-->[39m [37mPOST[39m [37m/wd/hub/session/5e401671-6f5a-47cf-91f0-8162bb6058a7/element/00000000-0000-0405-ffff-ffff00000142/click[39m
[38;5;0m[HTTP][0m [90m{"id":"00000000-0000-0405-ffff-ffff00000142"}[39m
[38;5;0m[HTTP][0m [37m<-- POST /wd/hub/session/5e401671-6f5a-47cf-91f0-8162bb6058a7/element/00000000-0000-0405-ffff-ffff00000142/click [39m[32m200[39m [90m597 ms - 14[39m
[38;5;0m[HTTP][0m [90m[39m
[38;5;0m[HTTP][0m [37m-->[39m [37mPOST[39m [37m/wd/hub/session/5e401671-6f5a-47cf-91f0-8162bb6058a7/element/00000000-0000-0405-ffff-ffff00000142/value[39m
[38;5;0m[HTTP][0m [90m{"id":"00000000-0000-0405-ffff-ffff00000142","text":"clae@gmail.com","value":["c","l","a","e","@","g","m","a","i","l",".","c","o","m"]}[39m
[38;5;0m[HTTP][0m [37m<-- POST /wd/hub/session/5e401671-6f5a-47cf-91f0-8162bb6058a7/element/00000000-0000-0405-ffff-ffff00000142/value [39m[32m200[39m [90m1428 ms - 14[39m
[38;5;0m[HTTP][0m [90m[39m
[38;5;0m[HTTP][0m [37m-->[39m [37mPOST[39m [37m/wd/hub/session/5e401671-6f5a-47cf-91f0-8162bb6058a7/timeouts[39m
[38;5;0m[HTTP][0m [90m{"implicit":50}[39m
[38;5;0m[HTTP][0m [37m<-- POST /wd/hub/session/5e401671-6f5a-47cf-91f0-8162bb6058a7/timeouts [39m[32m200[39m [90m2 ms - 14[39m
[38;5;0m[HTTP][0m [90m[39m
[38;5;0m[HTTP][0m [37m-->[39m [37mGET[39m [37m/wd/hub/session/5e401671-6f5a-47cf-91f0-8162bb6058a7/window/rect[39m
[38;5;0m[HTTP][0m [90m{}[39m
[38;5;0m[HTTP][0m [37m<-- GET /wd/hub/session/5e401671-6f5a-47cf-91f0-8162bb6058a7/window/rect [39m[32m200[39m [90m32 ms - 50[39m
[38;5;0m[HTTP][0m [90m[39m
[38;5;0m[HTTP][0m [37m-->[39m [37mPOST[39m [37m/wd/hub/session/5e401671-6f5a-47cf-91f0-8162bb6058a7/elements[39m
[38;5;0m[HTTP][0m [90m{"using":"xpath","value":"//*[@class = 'android.widget.EditText' and (@text = '+628123456789' or . = '+628123456789') and @resource-id = 'com.solodroid.solomerce:id/edt_phone']"}[39m
[38;5;0m[HTTP][0m [37m<-- POST /wd/hub/session/5e401671-6f5a-47cf-91f0-8162bb6058a7/elements [39m[32m200[39m [90m733 ms - 139[39m
[38;5;0m[HTTP][0m [90m[39m
[38;5;0m[HTTP][0m [37m-->[39m [37mGET[39m [37m/wd/hub/session/5e401671-6f5a-47cf-91f0-8162bb6058a7/element/00000000-0000-0405-ffff-ffff0000014e/location[39m
[38;5;0m[HTTP][0m [90m{}[39m
[38;5;48m[AndroidUiautomator2Driver@9192 (5e401671)][0m Driver proxy active, passing request on via HTTP proxy
[38;5;48m[AndroidUiautomator2Driver@9192 (5e401671)][0m Replacing sessionId 39f97e43-dc66-4f10-af2d-c1cc5e12e878 with 5e401671-6f5a-47cf-91f0-8162bb6058a7
[38;5;0m[HTTP][0m [37m<-- GET /wd/hub/session/5e401671-6f5a-47cf-91f0-8162bb6058a7/element/00000000-0000-0405-ffff-ffff0000014e/location [39m[32m200[39m [90m40 ms - 77[39m
[38;5;0m[HTTP][0m [90m[39m
[38;5;0m[HTTP][0m [37m-->[39m [37mPOST[39m [37m/wd/hub/session/5e401671-6f5a-47cf-91f0-8162bb6058a7/timeouts[39m
[38;5;0m[HTTP][0m [90m{"implicit":30000}[39m
[38;5;0m[HTTP][0m [37m<-- POST /wd/hub/session/5e401671-6f5a-47cf-91f0-8162bb6058a7/timeouts [39m[32m200[39m [90m2 ms - 14[39m
[38;5;0m[HTTP][0m [90m[39m
[38;5;0m[HTTP][0m [37m-->[39m [37mPOST[39m [37m/wd/hub/session/5e401671-6f5a-47cf-91f0-8162bb6058a7/element/00000000-0000-0405-ffff-ffff0000014e/clear[39m
[38;5;0m[HTTP][0m [90m{"id":"00000000-0000-0405-ffff-ffff0000014e"}[39m
[38;5;0m[HTTP][0m [37m<-- POST /wd/hub/session/5e401671-6f5a-47cf-91f0-8162bb6058a7/element/00000000-0000-0405-ffff-ffff0000014e/clear [39m[32m200[39m [90m41 ms - 14[39m
[38;5;0m[HTTP][0m [90m[39m
[38;5;0m[HTTP][0m [37m-->[39m [37mPOST[39m [37m/wd/hub/session/5e401671-6f5a-47cf-91f0-8162bb6058a7/element/00000000-0000-0405-ffff-ffff0000014e/click[39m
[38;5;0m[HTTP][0m [90m{"id":"00000000-0000-0405-ffff-ffff0000014e"}[39m
[38;5;0m[HTTP][0m [37m<-- POST /wd/hub/session/5e401671-6f5a-47cf-91f0-8162bb6058a7/element/00000000-0000-0405-ffff-ffff0000014e/click [39m[32m200[39m [90m582 ms - 14[39m
[38;5;0m[HTTP][0m [90m[39m
[38;5;0m[HTTP][0m [37m-->[39m [37mPOST[39m [37m/wd/hub/session/5e401671-6f5a-47cf-91f0-8162bb6058a7/element/00000000-0000-0405-ffff-ffff0000014e/value[39m
[38;5;0m[HTTP][0m [90m{"id":"00000000-0000-0405-ffff-ffff0000014e","text":"081291201021","value":["0","8","1","2","9","1","2","0","1","0","2","1"]}[39m
[38;5;0m[HTTP][0m [37m<-- POST /wd/hub/session/5e401671-6f5a-47cf-91f0-8162bb6058a7/element/00000000-0000-0405-ffff-ffff0000014e/value [39m[32m200[39m [90m1509 ms - 14[39m
[38;5;0m[HTTP][0m [90m[39m
[38;5;0m[HTTP][0m [37m-->[39m [37mPOST[39m [37m/wd/hub/session/5e401671-6f5a-47cf-91f0-8162bb6058a7/timeouts[39m
[38;5;0m[HTTP][0m [90m{"implicit":50}[39m
[38;5;0m[HTTP][0m [37m<-- POST /wd/hub/session/5e401671-6f5a-47cf-91f0-8162bb6058a7/timeouts [39m[32m200[39m [90m2 ms - 14[39m
[38;5;0m[HTTP][0m [90m[39m
[38;5;0m[HTTP][0m [37m-->[39m [37mGET[39m [37m/wd/hub/session/5e401671-6f5a-47cf-91f0-8162bb6058a7/window/rect[39m
[38;5;0m[HTTP][0m [90m{}[39m
[38;5;0m[HTTP][0m [37m<-- GET /wd/hub/session/5e401671-6f5a-47cf-91f0-8162bb6058a7/window/rect [39m[32m200[39m [90m37 ms - 50[39m
[38;5;0m[HTTP][0m [90m[39m
[38;5;0m[HTTP][0m [37m-->[39m [37mPOST[39m [37m/wd/hub/session/5e401671-6f5a-47cf-91f0-8162bb6058a7/elements[39m
[38;5;0m[HTTP][0m [90m{"using":"xpath","value":"//*[@class = 'android.widget.EditText' and (@text = 'Your Address' or . = 'Your Address') and @resource-id = 'com.solodroid.solomerce:id/edt_address']"}[39m
[38;5;0m[HTTP][0m [37m<-- POST /wd/hub/session/5e401671-6f5a-47cf-91f0-8162bb6058a7/elements [39m[32m200[39m [90m725 ms - 139[39m
[38;5;0m[HTTP][0m [90m[39m
[38;5;0m[HTTP][0m [37m-->[39m [37mGET[39m [37m/wd/hub/session/5e401671-6f5a-47cf-91f0-8162bb6058a7/element/00000000-0000-0405-ffff-ffff0000015a/location[39m
[38;5;0m[HTTP][0m [90m{}[39m
[38;5;48m[AndroidUiautomator2Driver@9192 (5e401671)][0m Driver proxy active, passing request on via HTTP proxy
[38;5;48m[AndroidUiautomator2Driver@9192 (5e401671)][0m Replacing sessionId 39f97e43-dc66-4f10-af2d-c1cc5e12e878 with 5e401671-6f5a-47cf-91f0-8162bb6058a7
[38;5;0m[HTTP][0m [37m<-- GET /wd/hub/session/5e401671-6f5a-47cf-91f0-8162bb6058a7/element/00000000-0000-0405-ffff-ffff0000015a/location [39m[32m200[39m [90m47 ms - 77[39m
[38;5;0m[HTTP][0m [90m[39m
[38;5;0m[HTTP][0m [37m-->[39m [37mPOST[39m [37m/wd/hub/session/5e401671-6f5a-47cf-91f0-8162bb6058a7/timeouts[39m
[38;5;0m[HTTP][0m [90m{"implicit":30000}[39m
[38;5;0m[HTTP][0m [37m<-- POST /wd/hub/session/5e401671-6f5a-47cf-91f0-8162bb6058a7/timeouts [39m[32m200[39m [90m2 ms - 14[39m
[38;5;0m[HTTP][0m [90m[39m
[38;5;0m[HTTP][0m [37m-->[39m [37mPOST[39m [37m/wd/hub/session/5e401671-6f5a-47cf-91f0-8162bb6058a7/element/00000000-0000-0405-ffff-ffff0000015a/clear[39m
[38;5;0m[HTTP][0m [90m{"id":"00000000-0000-0405-ffff-ffff0000015a"}[39m
[38;5;0m[HTTP][0m [37m<-- POST /wd/hub/session/5e401671-6f5a-47cf-91f0-8162bb6058a7/element/00000000-0000-0405-ffff-ffff0000015a/clear [39m[32m200[39m [90m48 ms - 14[39m
[38;5;0m[HTTP][0m [90m[39m
[38;5;0m[HTTP][0m [37m-->[39m [37mPOST[39m [37m/wd/hub/session/5e401671-6f5a-47cf-91f0-8162bb6058a7/element/00000000-0000-0405-ffff-ffff0000015a/click[39m
[38;5;0m[HTTP][0m [90m{"id":"00000000-0000-0405-ffff-ffff0000015a"}[39m
[38;5;0m[HTTP][0m [37m<-- POST /wd/hub/session/5e401671-6f5a-47cf-91f0-8162bb6058a7/element/00000000-0000-0405-ffff-ffff0000015a/click [39m[32m200[39m [90m1406 ms - 14[39m
[38;5;0m[HTTP][0m [90m[39m
[38;5;0m[HTTP][0m [37m-->[39m [37mPOST[39m [37m/wd/hub/session/5e401671-6f5a-47cf-91f0-8162bb6058a7/element/00000000-0000-0405-ffff-ffff0000015a/value[39m
[38;5;0m[HTTP][0m [90m{"id":"00000000-0000-0405-ffff-ffff0000015a","text":"indonesia","value":["i","n","d","o","n","e","s","i","a"]}[39m
[38;5;0m[HTTP][0m [37m<-- POST /wd/hub/session/5e401671-6f5a-47cf-91f0-8162bb6058a7/element/00000000-0000-0405-ffff-ffff0000015a/value [39m[32m200[39m [90m803 ms - 14[39m
[38;5;0m[HTTP][0m [90m[39m
[38;5;0m[HTTP][0m [37m-->[39m [37mGET[39m [37m/wd/hub/session/5e401671-6f5a-47cf-91f0-8162bb6058a7/context[39m
[38;5;0m[HTTP][0m [90m{}[39m
[38;5;0m[HTTP][0m [37m<-- GET /wd/hub/session/5e401671-6f5a-47cf-91f0-8162bb6058a7/context [39m[32m200[39m [90m2 ms - 22[39m
[38;5;0m[HTTP][0m [90m[39m
[38;5;0m[HTTP][0m [37m-->[39m [37mGET[39m [37m/wd/hub/session/5e401671-6f5a-47cf-91f0-8162bb6058a7/contexts[39m
[38;5;0m[HTTP][0m [90m{}[39m
[38;5;0m[HTTP][0m [37m<-- GET /wd/hub/session/5e401671-6f5a-47cf-91f0-8162bb6058a7/contexts [39m[32m200[39m [90m683 ms - 58[39m
[38;5;0m[HTTP][0m [90m[39m
[38;5;0m[HTTP][0m [37m-->[39m [37mPOST[39m [37m/wd/hub/session/5e401671-6f5a-47cf-91f0-8162bb6058a7/context[39m
[38;5;0m[HTTP][0m [90m{"name":"NATIVE_APP"}[39m
[38;5;0m[HTTP][0m [37m<-- POST /wd/hub/session/5e401671-6f5a-47cf-91f0-8162bb6058a7/context [39m[32m200[39m [90m3 ms - 14[39m
[38;5;0m[HTTP][0m [90m[39m
[38;5;0m[HTTP][0m [37m-->[39m [37mPOST[39m [37m/wd/hub/session/5e401671-6f5a-47cf-91f0-8162bb6058a7/appium/device/hide_keyboard[39m
[38;5;0m[HTTP][0m [90m{}[39m
[38;5;0m[HTTP][0m [37m<-- POST /wd/hub/session/5e401671-6f5a-47cf-91f0-8162bb6058a7/appium/device/hide_keyboard [39m[32m200[39m [90m1390 ms - 14[39m
[38;5;0m[HTTP][0m [90m[39m
[38;5;0m[HTTP][0m [37m-->[39m [37mPOST[39m [37m/wd/hub/session/5e401671-6f5a-47cf-91f0-8162bb6058a7/context[39m
[38;5;0m[HTTP][0m [90m{"name":"NATIVE_APP"}[39m
[38;5;0m[HTTP][0m [37m<-- POST /wd/hub/session/5e401671-6f5a-47cf-91f0-8162bb6058a7/context [39m[32m200[39m [90m2 ms - 14[39m
[38;5;0m[HTTP][0m [90m[39m
[38;5;0m[HTTP][0m [37m-->[39m [37mPOST[39m [37m/wd/hub/session/5e401671-6f5a-47cf-91f0-8162bb6058a7/timeouts[39m
[38;5;0m[HTTP][0m [90m{"implicit":50}[39m
[38;5;0m[HTTP][0m [37m<-- POST /wd/hub/session/5e401671-6f5a-47cf-91f0-8162bb6058a7/timeouts [39m[32m200[39m [90m3 ms - 14[39m
[38;5;0m[HTTP][0m [90m[39m
[38;5;0m[HTTP][0m [37m-->[39m [37mGET[39m [37m/wd/hub/session/5e401671-6f5a-47cf-91f0-8162bb6058a7/window/rect[39m
[38;5;0m[HTTP][0m [90m{}[39m
[38;5;0m[HTTP][0m [37m<-- GET /wd/hub/session/5e401671-6f5a-47cf-91f0-8162bb6058a7/window/rect [39m[32m200[39m [90m37 ms - 50[39m
[38;5;0m[HTTP][0m [90m[39m
[38;5;0m[HTTP][0m [37m-->[39m [37mPOST[39m [37m/wd/hub/session/5e401671-6f5a-47cf-91f0-8162bb6058a7/elements[39m
[38;5;0m[HTTP][0m [90m{"using":"xpath","value":"//*[@class = 'android.widget.Spinner' and @resource-id = 'com.solodroid.solomerce:id/spinner' and (@text = '' or . = '')]"}[39m
[38;5;0m[HTTP][0m [37m<-- POST /wd/hub/session/5e401671-6f5a-47cf-91f0-8162bb6058a7/elements [39m[32m200[39m [90m364 ms - 139[39m
[38;5;0m[HTTP][0m [90m[39m
[38;5;0m[HTTP][0m [37m-->[39m [37mGET[39m [37m/wd/hub/session/5e401671-6f5a-47cf-91f0-8162bb6058a7/element/00000000-0000-0405-ffff-ffff00000170/location[39m
[38;5;0m[HTTP][0m [90m{}[39m
[38;5;48m[AndroidUiautomator2Driver@9192 (5e401671)][0m Driver proxy active, passing request on via HTTP proxy
[38;5;48m[AndroidUiautomator2Driver@9192 (5e401671)][0m Replacing sessionId 39f97e43-dc66-4f10-af2d-c1cc5e12e878 with 5e401671-6f5a-47cf-91f0-8162bb6058a7
[38;5;0m[HTTP][0m [37m<-- GET /wd/hub/session/5e401671-6f5a-47cf-91f0-8162bb6058a7/element/00000000-0000-0405-ffff-ffff00000170/location [39m[32m200[39m [90m46 ms - 78[39m
[38;5;0m[HTTP][0m [90m[39m
[38;5;0m[HTTP][0m [37m-->[39m [37mPOST[39m [37m/wd/hub/session/5e401671-6f5a-47cf-91f0-8162bb6058a7/timeouts[39m
[38;5;0m[HTTP][0m [90m{"implicit":30000}[39m
[38;5;0m[HTTP][0m [37m<-- POST /wd/hub/session/5e401671-6f5a-47cf-91f0-8162bb6058a7/timeouts [39m[32m200[39m [90m2 ms - 14[39m
[38;5;0m[HTTP][0m [90m[39m
[38;5;0m[HTTP][0m [37m-->[39m [37mPOST[39m [37m/wd/hub/session/5e401671-6f5a-47cf-91f0-8162bb6058a7/element/00000000-0000-0405-ffff-ffff00000170/click[39m
[38;5;0m[HTTP][0m [90m{"id":"00000000-0000-0405-ffff-ffff00000170"}[39m
[38;5;0m[HTTP][0m [37m<-- POST /wd/hub/session/5e401671-6f5a-47cf-91f0-8162bb6058a7/element/00000000-0000-0405-ffff-ffff00000170/click [39m[32m200[39m [90m114 ms - 14[39m
[38;5;0m[HTTP][0m [90m[39m
[38;5;0m[HTTP][0m [37m-->[39m [37mPOST[39m [37m/wd/hub/session/5e401671-6f5a-47cf-91f0-8162bb6058a7/timeouts[39m
[38;5;0m[HTTP][0m [90m{"implicit":50}[39m
[38;5;0m[HTTP][0m [37m<-- POST /wd/hub/session/5e401671-6f5a-47cf-91f0-8162bb6058a7/timeouts [39m[32m200[39m [90m3 ms - 14[39m
[38;5;0m[HTTP][0m [90m[39m
[38;5;0m[HTTP][0m [37m-->[39m [37mGET[39m [37m/wd/hub/session/5e401671-6f5a-47cf-91f0-8162bb6058a7/window/rect[39m
[38;5;0m[HTTP][0m [90m{}[39m
[38;5;0m[HTTP][0m [37m<-- GET /wd/hub/session/5e401671-6f5a-47cf-91f0-8162bb6058a7/window/rect [39m[32m200[39m [90m39 ms - 50[39m
[38;5;0m[HTTP][0m [90m[39m
[38;5;0m[HTTP][0m [37m-->[39m [37mPOST[39m [37m/wd/hub/session/5e401671-6f5a-47cf-91f0-8162bb6058a7/elements[39m
[38;5;0m[HTTP][0m [90m{"using":"xpath","value":"//*[@class = 'android.widget.CheckedTextView' and (@text = 'DHL Express' or . = 'DHL Express') and @resource-id = 'android:id/text1']"}[39m
[38;5;0m[HTTP][0m [37m<-- POST /wd/hub/session/5e401671-6f5a-47cf-91f0-8162bb6058a7/elements [39m[32m200[39m [90m973 ms - 139[39m
[38;5;0m[HTTP][0m [90m[39m
[38;5;0m[HTTP][0m [37m-->[39m [37mGET[39m [37m/wd/hub/session/5e401671-6f5a-47cf-91f0-8162bb6058a7/element/00000000-0000-0406-ffff-ffff000001a0/location[39m
[38;5;0m[HTTP][0m [90m{}[39m
[38;5;48m[AndroidUiautomator2Driver@9192 (5e401671)][0m Driver proxy active, passing request on via HTTP proxy
[38;5;48m[AndroidUiautomator2Driver@9192 (5e401671)][0m Replacing sessionId 39f97e43-dc66-4f10-af2d-c1cc5e12e878 with 5e401671-6f5a-47cf-91f0-8162bb6058a7
[38;5;0m[HTTP][0m [37m<-- GET /wd/hub/session/5e401671-6f5a-47cf-91f0-8162bb6058a7/element/00000000-0000-0406-ffff-ffff000001a0/location [39m[32m200[39m [90m47 ms - 77[39m
[38;5;0m[HTTP][0m [90m[39m
[38;5;0m[HTTP][0m [37m-->[39m [37mPOST[39m [37m/wd/hub/session/5e401671-6f5a-47cf-91f0-8162bb6058a7/timeouts[39m
[38;5;0m[HTTP][0m [90m{"implicit":30000}[39m
[38;5;0m[HTTP][0m [37m<-- POST /wd/hub/session/5e401671-6f5a-47cf-91f0-8162bb6058a7/timeouts [39m[32m200[39m [90m2 ms - 14[39m
[38;5;0m[HTTP][0m [90m[39m
[38;5;0m[HTTP][0m [37m-->[39m [37mPOST[39m [37m/wd/hub/session/5e401671-6f5a-47cf-91f0-8162bb6058a7/element/00000000-0000-0406-ffff-ffff000001a0/click[39m
[38;5;0m[HTTP][0m [90m{"id":"00000000-0000-0406-ffff-ffff000001a0"}[39m
[38;5;0m[HTTP][0m [37m<-- POST /wd/hub/session/5e401671-6f5a-47cf-91f0-8162bb6058a7/element/00000000-0000-0406-ffff-ffff000001a0/click [39m[32m200[39m [90m834 ms - 14[39m
[38;5;0m[HTTP][0m [90m[39m
[38;5;0m[HTTP][0m [37m-->[39m [37mPOST[39m [37m/wd/hub/session/5e401671-6f5a-47cf-91f0-8162bb6058a7/timeouts[39m
[38;5;0m[HTTP][0m [90m{"implicit":50}[39m
[38;5;0m[HTTP][0m [37m<-- POST /wd/hub/session/5e401671-6f5a-47cf-91f0-8162bb6058a7/timeouts [39m[32m200[39m [90m3 ms - 14[39m
[38;5;0m[HTTP][0m [90m[39m
[38;5;0m[HTTP][0m [37m-->[39m [37mGET[39m [37m/wd/hub/session/5e401671-6f5a-47cf-91f0-8162bb6058a7/window/rect[39m
[38;5;0m[HTTP][0m [90m{}[39m
[38;5;0m[HTTP][0m [37m<-- GET /wd/hub/session/5e401671-6f5a-47cf-91f0-8162bb6058a7/window/rect [39m[32m200[39m [90m31 ms - 50[39m
[38;5;0m[HTTP][0m [90m[39m
[38;5;0m[HTTP][0m [37m-->[39m [37mPOST[39m [37m/wd/hub/session/5e401671-6f5a-47cf-91f0-8162bb6058a7/elements[39m
[38;5;0m[HTTP][0m [90m{"using":"xpath","value":"//*[@class = 'android.widget.Button' and (@text = 'PROCESS CHECKOUT' or . = 'PROCESS CHECKOUT') and @resource-id = 'com.solodroid.solomerce:id/btn_submit_order']"}[39m
[38;5;0m[HTTP][0m [37m<-- POST /wd/hub/session/5e401671-6f5a-47cf-91f0-8162bb6058a7/elements [39m[32m200[39m [90m361 ms - 139[39m
[38;5;0m[HTTP][0m [90m[39m
[38;5;0m[HTTP][0m [37m-->[39m [37mGET[39m [37m/wd/hub/session/5e401671-6f5a-47cf-91f0-8162bb6058a7/element/00000000-0000-0405-ffff-ffff00000197/location[39m
[38;5;0m[HTTP][0m [90m{}[39m
[38;5;48m[AndroidUiautomator2Driver@9192 (5e401671)][0m Driver proxy active, passing request on via HTTP proxy
[38;5;48m[AndroidUiautomator2Driver@9192 (5e401671)][0m Replacing sessionId 39f97e43-dc66-4f10-af2d-c1cc5e12e878 with 5e401671-6f5a-47cf-91f0-8162bb6058a7
[38;5;0m[HTTP][0m [37m<-- GET /wd/hub/session/5e401671-6f5a-47cf-91f0-8162bb6058a7/element/00000000-0000-0405-ffff-ffff00000197/location [39m[32m200[39m [90m61 ms - 77[39m
[38;5;0m[HTTP][0m [90m[39m
[38;5;0m[HTTP][0m [37m-->[39m [37mPOST[39m [37m/wd/hub/session/5e401671-6f5a-47cf-91f0-8162bb6058a7/timeouts[39m
[38;5;0m[HTTP][0m [90m{"implicit":30000}[39m
[38;5;0m[HTTP][0m [37m<-- POST /wd/hub/session/5e401671-6f5a-47cf-91f0-8162bb6058a7/timeouts [39m[32m200[39m [90m2 ms - 14[39m
[38;5;0m[HTTP][0m [90m[39m
[38;5;0m[HTTP][0m [37m-->[39m [37mPOST[39m [37m/wd/hub/session/5e401671-6f5a-47cf-91f0-8162bb6058a7/element/00000000-0000-0405-ffff-ffff00000197/click[39m
[38;5;0m[HTTP][0m [90m{"id":"00000000-0000-0405-ffff-ffff00000197"}[39m
[38;5;0m[HTTP][0m [37m<-- POST /wd/hub/session/5e401671-6f5a-47cf-91f0-8162bb6058a7/element/00000000-0000-0405-ffff-ffff00000197/click [39m[32m200[39m [90m113 ms - 14[39m
[38;5;0m[HTTP][0m [90m[39m
[38;5;0m[HTTP][0m [37m-->[39m [37mGET[39m [37m/wd/hub/session/5e401671-6f5a-47cf-91f0-8162bb6058a7/context[39m
[38;5;0m[HTTP][0m [90m{}[39m
[38;5;0m[HTTP][0m [37m<-- GET /wd/hub/session/5e401671-6f5a-47cf-91f0-8162bb6058a7/context [39m[32m200[39m [90m2 ms - 22[39m
[38;5;0m[HTTP][0m [90m[39m
[38;5;0m[HTTP][0m [37m-->[39m [37mGET[39m [37m/wd/hub/session/5e401671-6f5a-47cf-91f0-8162bb6058a7/contexts[39m
[38;5;0m[HTTP][0m [90m{}[39m
[38;5;0m[HTTP][0m [37m<-- GET /wd/hub/session/5e401671-6f5a-47cf-91f0-8162bb6058a7/contexts [39m[32m200[39m [90m824 ms - 58[39m
[38;5;0m[HTTP][0m [90m[39m
[38;5;0m[HTTP][0m [37m-->[39m [37mPOST[39m [37m/wd/hub/session/5e401671-6f5a-47cf-91f0-8162bb6058a7/context[39m
[38;5;0m[HTTP][0m [90m{"name":"NATIVE_APP"}[39m
[38;5;0m[HTTP][0m [37m<-- POST /wd/hub/session/5e401671-6f5a-47cf-91f0-8162bb6058a7/context [39m[32m200[39m [90m3 ms - 14[39m
[38;5;0m[HTTP][0m [90m[39m
[38;5;0m[HTTP][0m [37m-->[39m [37mGET[39m [37m/wd/hub/session/5e401671-6f5a-47cf-91f0-8162bb6058a7/appium/device/current_package[39m
[38;5;0m[HTTP][0m [90m{}[39m
[38;5;0m[HTTP][0m [37m<-- GET /wd/hub/session/5e401671-6f5a-47cf-91f0-8162bb6058a7/appium/device/current_package [39m[32m200[39m [90m260 ms - 35[39m
[38;5;0m[HTTP][0m [90m[39m
[38;5;0m[HTTP][0m [37m-->[39m [37mPOST[39m [37m/wd/hub/session/5e401671-6f5a-47cf-91f0-8162bb6058a7/appium/device/terminate_app[39m
[38;5;0m[HTTP][0m [90m{"bundleId":"com.solodroid.solomerce"}[39m
[38;5;48m[AndroidUiautomator2Driver@9192 (5e401671)][0m Terminating 'com.solodroid.solomerce'
[38;5;48m[AndroidUiautomator2Driver@9192 (5e401671)][0m Querying the state of 'com.solodroid.solomerce'
[38;5;48m[AndroidUiautomator2Driver@9192 (5e401671)][0m 'com.solodroid.solomerce' has been successfully terminated
[38;5;0m[HTTP][0m [37m<-- POST /wd/hub/session/5e401671-6f5a-47cf-91f0-8162bb6058a7/appium/device/terminate_app [39m[32m200[39m [90m1547 ms - 14[39m
[38;5;0m[HTTP][0m [90m[39m
[38;5;0m[HTTP][0m [37m-->[39m [37mPOST[39m [37m/wd/hub/session/5e401671-6f5a-47cf-91f0-8162bb6058a7/context[39m
[38;5;0m[HTTP][0m [90m{"name":"NATIVE_APP"}[39m
[38;5;0m[HTTP][0m [37m<-- POST /wd/hub/session/5e401671-6f5a-47cf-91f0-8162bb6058a7/context [39m[32m200[39m [90m3 ms - 14[39m
[38;5;0m[HTTP][0m [90m[39m
[38;5;0m[HTTP][0m [37m-->[39m [37mDELETE[39m [37m/wd/hub/session/5e401671-6f5a-47cf-91f0-8162bb6058a7[39m
[38;5;0m[HTTP][0m [90m{}[39m
[38;5;16m[AppiumDriver@43d6][0m Removing session 5e401671-6f5a-47cf-91f0-8162bb6058a7 from our master session list
[38;5;64m[ADB][0m com.solodroid.solomerce was successfully uninstalled
[38;5;48m[AndroidUiautomator2Driver@9192 (5e401671)][0m Restoring hidden api policy to the device default configuration
